9/9/2018 8:07:43 PM	This log contains information about the import schema operation into project 'MyAdventureWorksDBProject' on computer 'LAPTOP-OS9M7M9O' by user 'Binay'.
9/9/2018 8:07:43 PM	Import of database schema has started.
9/9/2018 8:08:07 PM	Gathering database options
9/9/2018 8:08:07 PM	Gathering users
9/9/2018 8:08:07 PM	Gathering roles
9/9/2018 8:08:07 PM	Gathering application roles
9/9/2018 8:08:07 PM	Gathering role memberships
9/9/2018 8:08:07 PM	Gathering filegroups
9/9/2018 8:08:07 PM	Gathering full-text catalogs
9/9/2018 8:08:07 PM	Gathering assemblies
9/9/2018 8:08:07 PM	Gathering certificates
9/9/2018 8:08:07 PM	Gathering asymmetric keys
9/9/2018 8:08:07 PM	Gathering symmetric keys
9/9/2018 8:08:07 PM	Gathering encrypted symmetric keys
9/9/2018 8:08:07 PM	Gathering schemas
9/9/2018 8:08:08 PM	Gathering XML schema collections
9/9/2018 8:08:08 PM	Gathering user-defined data types
9/9/2018 8:08:08 PM	Gathering user-defined types
9/9/2018 8:08:08 PM	Gathering table types
9/9/2018 8:08:08 PM	Gathering unique keys for table types
9/9/2018 8:08:39 PM	Gathering primary keys for table types
9/9/2018 8:08:39 PM	Gathering indexes for table types
9/9/2018 8:08:39 PM	Gathering check constraints for table types
9/9/2018 8:08:39 PM	Gathering default constraints for table types
9/9/2018 8:08:39 PM	Gathering partition functions
9/9/2018 8:08:39 PM	Gathering partition schemes
9/9/2018 8:08:39 PM	Gathering functions
9/9/2018 8:08:42 PM	Gathering encrypted functions
9/9/2018 8:08:42 PM	Gathering aggregates
9/9/2018 8:08:42 PM	Gathering procedures
9/9/2018 8:08:43 PM	Gathering encrypted procedures
9/9/2018 8:08:43 PM	Gathering tables
9/9/2018 8:08:44 PM	Gathering primary keys
9/9/2018 8:08:44 PM	Gathering unique constraints
9/9/2018 8:08:44 PM	Gathering foreign keys
9/9/2018 8:08:44 PM	Gathering default constraints
9/9/2018 8:08:45 PM	Gathering check constraints
9/9/2018 8:08:45 PM	Gathering views
9/9/2018 8:08:45 PM	Gathering encrypted views
9/9/2018 8:08:45 PM	Gathering indexes
9/9/2018 8:08:45 PM	Gathering statistics
9/9/2018 8:08:45 PM	Gathering full-text index stoplists
9/9/2018 8:08:45 PM	Gathering search property lists
9/9/2018 8:08:45 PM	Gathering search properties
9/9/2018 8:08:45 PM	Gathering full-text indexes
9/9/2018 8:08:45 PM	Gathering column store indexes
9/9/2018 8:08:46 PM	Gathering spatial indexes
9/9/2018 8:08:46 PM	Gathering XML indexes
9/9/2018 8:08:46 PM	Gathering Selective XML indexes
9/9/2018 8:08:46 PM	Gathering encrypted triggers
9/9/2018 8:08:46 PM	Gathering triggers
9/9/2018 8:08:46 PM	Gathering encrypted and clr ddl triggers
9/9/2018 8:08:46 PM	Gathering ddl triggers
9/9/2018 8:08:46 PM	Gathering synonyms
9/9/2018 8:08:46 PM	Gathering defaults
9/9/2018 8:08:46 PM	Gathering data constraint uddt bindings
9/9/2018 8:08:46 PM	Gathering rules
9/9/2018 8:08:46 PM	Gathering data constraint uddt bindings
9/9/2018 8:08:46 PM	Gathering message types
9/9/2018 8:08:46 PM	Gathering queues
9/9/2018 8:08:46 PM	Gathering contracts
9/9/2018 8:08:46 PM	Gathering services
9/9/2018 8:08:46 PM	Gathering event notifications
9/9/2018 8:08:46 PM	Gathering remote service bindings
9/9/2018 8:08:46 PM	Gathering broker priorities
9/9/2018 8:08:46 PM	Gathering signatures
9/9/2018 8:08:46 PM	Gathering data compression options
9/9/2018 8:08:46 PM	Gathering sequence types
9/9/2018 8:08:46 PM	Gathering extended properties
9/9/2018 8:08:48 PM	Gathering credentials
9/9/2018 8:08:48 PM	Gathering logins
9/9/2018 8:08:48 PM	Gathering server audits
9/9/2018 8:08:54 PM	Scanning project for duplicate elements
9/9/2018 8:08:57 PM	Finished duplicate element processing
9/9/2018 8:09:06 PM	Finished importing database.
9/9/2018 8:09:06 PM	A summary of the import was saved to the following location: C:\Binay_C_Drive\Practice\GitRepository\MyDataBaseProject\MyAdventureWorksDBProject\Import Schema Logs\MyAdventureWorksDBPr_20180909023742.log
9/9/2018 8:09:06 PM	Click Finish to continue...
